
> bolao-frontend@1.0.0 build
> next build

   Linting and checking validity of types ...
   ▲ Next.js 14.0.4
   - Environments: .env.local

   Creating an optimized production build ...
 ✓ Compiled successfully
   Collecting page data ...
PageNotFoundError: Cannot find module for page: /simple-map
    at getPagePath (/home/quiala/Datos/Proyectos/bolao_web/node_modules/next/dist/server/require.js:94:15)
    at requirePage (/home/quiala/Datos/Proyectos/bolao_web/node_modules/next/dist/server/require.js:99:22)
    at /home/quiala/Datos/Proyectos/bolao_web/node_modules/next/dist/server/load-components.js:59:84
    at process.processTicksAndRejections (node:internal/process/task_queues:95:5)
    at async loadComponentsImpl (/home/quiala/Datos/Proyectos/bolao_web/node_modules/next/dist/server/load-components.js:59:26)
    at async /home/quiala/Datos/Proyectos/bolao_web/node_modules/next/dist/build/utils.js:1077:32
    at async Span.traceAsyncFn (/home/quiala/Datos/Proyectos/bolao_web/node_modules/next/dist/trace/trace.js:147:20) {
  code: 'ENOENT'
}

> Build error occurred
Error: Failed to collect page data for /simple-map
    at /home/quiala/Datos/Proyectos/bolao_web/node_modules/next/dist/build/utils.js:1220:15
    at process.processTicksAndRejections (node:internal/process/task_queues:95:5) {
  type: 'Error'
}
